2011/01/22 11:33:48 [error] [exception.CException] exception 'CException' with message 'CAssetManager.basePath "/Users/sergiolopes/Working/OpenSource/sandscape/www/assets" is invalid. Please make sure the directory exists and is writable by the Web server process.' in /Users/sergiolopes/Working/OpenSource/sandscape/yii/web/CAssetManager.php:98
Stack trace:
#0 /Users/sergiolopes/Working/OpenSource/sandscape/yii/web/CAssetManager.php(83): CAssetManager->setBasePath('/Users/sergiolo...')
#1 /Users/sergiolopes/Working/OpenSource/sandscape/yii/web/CAssetManager.php(192): CAssetManager->getBasePath()
#2 /Users/sergiolopes/Working/OpenSource/sandscape/yii/web/CClientScript.php(387): CAssetManager->publish('/Users/sergiolo...')
#3 /Users/sergiolopes/Working/OpenSource/sandscape/yii/web/CClientScript.php(238): CClientScript->getCoreScriptUrl()
#4 /Users/sergiolopes/Working/OpenSource/sandscape/yii/web/CClientScript.php(133): CClientScript->renderCoreScripts()
#5 /Users/sergiolopes/Working/OpenSource/sandscape/yii/web/CController.php(318): CClientScript->render('<!DOCTYPE html ...')
#6 /Users/sergiolopes/Working/OpenSource/sandscape/yii/web/CController.php(752): CController->processOutput('<!DOCTYPE html ...')
#7 /Users/sergiolopes/Working/OpenSource/sandscape/sandscape/controllers/SiteController.php(92): CController->render('login', Array)
#8 /Users/sergiolopes/Working/OpenSource/sandscape/yii/web/actions/CInlineAction.php(57): SiteController->actionLogin()
#9 /Users/sergiolopes/Working/OpenSource/sandscape/yii/web/CController.php(300): CInlineAction->run()
#10 /Users/sergiolopes/Working/OpenSource/sandscape/yii/web/CController.php(278): CController->runAction(Object(CInlineAction))
#11 /Users/sergiolopes/Working/OpenSource/sandscape/yii/web/CController.php(257): CController->runActionWithFilters(Object(CInlineAction), Array)
#12 /Users/sergiolopes/Working/OpenSource/sandscape/yii/web/CWebApplication.php(328): CController->run('login')
#13 /Users/sergiolopes/Working/OpenSource/sandscape/yii/web/CWebApplication.php(121): CWebApplication->runController('site/login')
#14 /Users/sergiolopes/Working/OpenSource/sandscape/yii/base/CApplication.php(155): CWebApplication->processRequest()
#15 /Users/sergiolopes/Working/OpenSource/sandscape/www/index.php(13): CApplication->run()
#16 {main} REQUEST_URI=/sandscape/index.php?r=site/login
2011/01/22 11:35:29 [error] [exception.CException] exception 'CException' with message 'CAssetManager.basePath "/Users/sergiolopes/Working/OpenSource/sandscape/www/assets" is invalid. Please make sure the directory exists and is writable by the Web server process.' in /Users/sergiolopes/Working/OpenSource/sandscape/yii/web/CAssetManager.php:98
Stack trace:
#0 /Users/sergiolopes/Working/OpenSource/sandscape/yii/web/CAssetManager.php(83): CAssetManager->setBasePath('/Users/sergiolo...')
#1 /Users/sergiolopes/Working/OpenSource/sandscape/yii/web/CAssetManager.php(192): CAssetManager->getBasePath()
#2 /Users/sergiolopes/Working/OpenSource/sandscape/yii/web/CClientScript.php(387): CAssetManager->publish('/Users/sergiolo...')
#3 /Users/sergiolopes/Working/OpenSource/sandscape/yii/web/CClientScript.php(238): CClientScript->getCoreScriptUrl()
#4 /Users/sergiolopes/Working/OpenSource/sandscape/yii/web/CClientScript.php(133): CClientScript->renderCoreScripts()
#5 /Users/sergiolopes/Working/OpenSource/sandscape/yii/web/CController.php(318): CClientScript->render('<!DOCTYPE html ...')
#6 /Users/sergiolopes/Working/OpenSource/sandscape/yii/web/CController.php(752): CController->processOutput('<!DOCTYPE html ...')
#7 /Users/sergiolopes/Working/OpenSource/sandscape/sandscape/controllers/SiteController.php(92): CController->render('login', Array)
#8 /Users/sergiolopes/Working/OpenSource/sandscape/yii/web/actions/CInlineAction.php(57): SiteController->actionLogin()
#9 /Users/sergiolopes/Working/OpenSource/sandscape/yii/web/CController.php(300): CInlineAction->run()
#10 /Users/sergiolopes/Working/OpenSource/sandscape/yii/web/CController.php(278): CController->runAction(Object(CInlineAction))
#11 /Users/sergiolopes/Working/OpenSource/sandscape/yii/web/CController.php(257): CController->runActionWithFilters(Object(CInlineAction), Array)
#12 /Users/sergiolopes/Working/OpenSource/sandscape/yii/web/CWebApplication.php(328): CController->run('login')
#13 /Users/sergiolopes/Working/OpenSource/sandscape/yii/web/CWebApplication.php(121): CWebApplication->runController('site/login')
#14 /Users/sergiolopes/Working/OpenSource/sandscape/yii/base/CApplication.php(155): CWebApplication->processRequest()
#15 /Users/sergiolopes/Working/OpenSource/sandscape/www/index.php(13): CApplication->run()
#16 {main} REQUEST_URI=/sandscape/index.php?r=site/login
2011/01/22 11:36:52 [error] [exception.CException] exception 'CException' with message 'CAssetManager.basePath "/Users/sergiolopes/Working/OpenSource/sandscape/www/assets" is invalid. Please make sure the directory exists and is writable by the Web server process.' in /Users/sergiolopes/Working/OpenSource/sandscape/yii/web/CAssetManager.php:98
Stack trace:
#0 /Users/sergiolopes/Working/OpenSource/sandscape/yii/web/CAssetManager.php(83): CAssetManager->setBasePath('/Users/sergiolo...')
#1 /Users/sergiolopes/Working/OpenSource/sandscape/yii/web/CAssetManager.php(192): CAssetManager->getBasePath()
#2 /Users/sergiolopes/Working/OpenSource/sandscape/yii/web/CClientScript.php(387): CAssetManager->publish('/Users/sergiolo...')
#3 /Users/sergiolopes/Working/OpenSource/sandscape/yii/web/CClientScript.php(238): CClientScript->getCoreScriptUrl()
#4 /Users/sergiolopes/Working/OpenSource/sandscape/yii/web/CClientScript.php(133): CClientScript->renderCoreScripts()
#5 /Users/sergiolopes/Working/OpenSource/sandscape/yii/web/CController.php(318): CClientScript->render('<!DOCTYPE html ...')
#6 /Users/sergiolopes/Working/OpenSource/sandscape/yii/web/CController.php(752): CController->processOutput('<!DOCTYPE html ...')
#7 /Users/sergiolopes/Working/OpenSource/sandscape/sandscape/controllers/SiteController.php(92): CController->render('login', Array)
#8 /Users/sergiolopes/Working/OpenSource/sandscape/yii/web/actions/CInlineAction.php(57): SiteController->actionLogin()
#9 /Users/sergiolopes/Working/OpenSource/sandscape/yii/web/CController.php(300): CInlineAction->run()
#10 /Users/sergiolopes/Working/OpenSource/sandscape/yii/web/CController.php(278): CController->runAction(Object(CInlineAction))
#11 /Users/sergiolopes/Working/OpenSource/sandscape/yii/web/CController.php(257): CController->runActionWithFilters(Object(CInlineAction), Array)
#12 /Users/sergiolopes/Working/OpenSource/sandscape/yii/web/CWebApplication.php(328): CController->run('login')
#13 /Users/sergiolopes/Working/OpenSource/sandscape/yii/web/CWebApplication.php(121): CWebApplication->runController('site/login')
#14 /Users/sergiolopes/Working/OpenSource/sandscape/yii/base/CApplication.php(155): CWebApplication->processRequest()
#15 /Users/sergiolopes/Working/OpenSource/sandscape/www/index.php(13): CApplication->run()
#16 {main} REQUEST_URI=/sandscape/index.php?r=site/login
2011/01/22 12:43:15 [error] [php] include(Controller.php): failed to open stream: No such file or directory (/Users/sergiolopes/Working/OpenSource/sandscape/yii/YiiBase.php:395)
Stack trace:
#0 /Users/sergiolopes/Working/OpenSource/sandscape/sandscape/controllers/SiteController.php(3): spl_autoload_call()
#1 /Users/sergiolopes/Working/OpenSource/sandscape/yii/web/CWebApplication.php(396): require()
#2 /Users/sergiolopes/Working/OpenSource/sandscape/yii/web/CWebApplication.php(322): CWebApplication->createController()
#3 /Users/sergiolopes/Working/OpenSource/sandscape/yii/web/CWebApplication.php(121): CWebApplication->runController()
#4 /Users/sergiolopes/Working/OpenSource/sandscape/yii/base/CApplication.php(155): CWebApplication->processRequest()
#5 /Users/sergiolopes/Working/OpenSource/sandscape/www/index.php(13): CWebApplication->run()
REQUEST_URI=/sandscape/index.php?r=site/index
in /Users/sergiolopes/Working/OpenSource/sandscape/sandscape/controllers/SiteController.php (3)
in /Users/sergiolopes/Working/OpenSource/sandscape/www/index.php (13)
2011/01/22 12:43:30 [error] [php] include(Controller.php): failed to open stream: No such file or directory (/Users/sergiolopes/Working/OpenSource/sandscape/yii/YiiBase.php:395)
Stack trace:
#0 /Users/sergiolopes/Working/OpenSource/sandscape/sandscape/controllers/SiteController.php(3): spl_autoload_call()
#1 /Users/sergiolopes/Working/OpenSource/sandscape/yii/web/CWebApplication.php(396): require()
#2 /Users/sergiolopes/Working/OpenSource/sandscape/yii/web/CWebApplication.php(322): CWebApplication->createController()
#3 /Users/sergiolopes/Working/OpenSource/sandscape/yii/web/CWebApplication.php(121): CWebApplication->runController()
#4 /Users/sergiolopes/Working/OpenSource/sandscape/yii/base/CApplication.php(155): CWebApplication->processRequest()
#5 /Users/sergiolopes/Working/OpenSource/sandscape/www/index.php(13): CWebApplication->run()
REQUEST_URI=/sandscape/
in /Users/sergiolopes/Working/OpenSource/sandscape/sandscape/controllers/SiteController.php (3)
in /Users/sergiolopes/Working/OpenSource/sandscape/www/index.php (13)
2011/01/22 12:44:10 [error] [exception.CHttpException.404] exception 'CHttpException' with message 'Unable to resolve the request "game".' in /Users/sergiolopes/Working/OpenSource/sandscape/yii/web/CWebApplication.php:332
Stack trace:
#0 /Users/sergiolopes/Working/OpenSource/sandscape/yii/web/CWebApplication.php(121): CWebApplication->runController('game')
#1 /Users/sergiolopes/Working/OpenSource/sandscape/yii/base/CApplication.php(155): CWebApplication->processRequest()
#2 /Users/sergiolopes/Working/OpenSource/sandscape/www/index.php(13): CApplication->run()
#3 {main} REQUEST_URI=/sandscape/index.php?r=game
2011/01/22 12:44:25 [error] [exception.CHttpException.404] exception 'CHttpException' with message 'Unable to resolve the request "game".' in /Users/sergiolopes/Working/OpenSource/sandscape/yii/web/CWebApplication.php:332
Stack trace:
#0 /Users/sergiolopes/Working/OpenSource/sandscape/yii/web/CWebApplication.php(121): CWebApplication->runController('game')
#1 /Users/sergiolopes/Working/OpenSource/sandscape/yii/base/CApplication.php(155): CWebApplication->processRequest()
#2 /Users/sergiolopes/Working/OpenSource/sandscape/www/index.php(13): CApplication->run()
#3 {main} REQUEST_URI=/sandscape/index.php?r=game
2011/01/22 12:44:29 [error] [exception.CHttpException.404] exception 'CHttpException' with message 'Unable to resolve the request "game".' in /Users/sergiolopes/Working/OpenSource/sandscape/yii/web/CWebApplication.php:332
Stack trace:
#0 /Users/sergiolopes/Working/OpenSource/sandscape/yii/web/CWebApplication.php(121): CWebApplication->runController('game')
#1 /Users/sergiolopes/Working/OpenSource/sandscape/yii/base/CApplication.php(155): CWebApplication->processRequest()
#2 /Users/sergiolopes/Working/OpenSource/sandscape/www/index.php(13): CApplication->run()
#3 {main} REQUEST_URI=/sandscape/index.php?r=game
2011/01/22 12:44:34 [error] [exception.CHttpException.404] exception 'CHttpException' with message 'Unable to resolve the request "game/index".' in /Users/sergiolopes/Working/OpenSource/sandscape/yii/web/CWebApplication.php:332
Stack trace:
#0 /Users/sergiolopes/Working/OpenSource/sandscape/yii/web/CWebApplication.php(121): CWebApplication->runController('game/index')
#1 /Users/sergiolopes/Working/OpenSource/sandscape/yii/base/CApplication.php(155): CWebApplication->processRequest()
#2 /Users/sergiolopes/Working/OpenSource/sandscape/www/index.php(13): CApplication->run()
#3 {main} REQUEST_URI=/sandscape/index.php?r=game/index
2011/01/22 12:45:10 [error] [exception.CHttpException.404] exception 'CHttpException' with message 'Unable to resolve the request "game/index".' in /Users/sergiolopes/Working/OpenSource/sandscape/yii/web/CWebApplication.php:332
Stack trace:
#0 /Users/sergiolopes/Working/OpenSource/sandscape/yii/web/CWebApplication.php(121): CWebApplication->runController('game/index')
#1 /Users/sergiolopes/Working/OpenSource/sandscape/yii/base/CApplication.php(155): CWebApplication->processRequest()
#2 /Users/sergiolopes/Working/OpenSource/sandscape/www/index.php(13): CApplication->run()
#3 {main} REQUEST_URI=/sandscape/index.php?r=game/index
2011/01/22 12:45:22 [error] [exception.CHttpException.404] exception 'CHttpException' with message 'Unable to resolve the request "game".' in /Users/sergiolopes/Working/OpenSource/sandscape/yii/web/CWebApplication.php:332
Stack trace:
#0 /Users/sergiolopes/Working/OpenSource/sandscape/yii/web/CWebApplication.php(121): CWebApplication->runController('game')
#1 /Users/sergiolopes/Working/OpenSource/sandscape/yii/base/CApplication.php(155): CWebApplication->processRequest()
#2 /Users/sergiolopes/Working/OpenSource/sandscape/www/index.php(13): CApplication->run()
#3 {main} REQUEST_URI=/sandscape/index.php?r=game
2011/01/22 12:51:09 [error] [exception.CHttpException.404] exception 'CHttpException' with message 'Unable to resolve the request "game".' in /Users/sergiolopes/Working/OpenSource/sandscape/yii/web/CWebApplication.php:332
Stack trace:
#0 /Users/sergiolopes/Working/OpenSource/sandscape/yii/web/CWebApplication.php(121): CWebApplication->runController('game')
#1 /Users/sergiolopes/Working/OpenSource/sandscape/yii/base/CApplication.php(155): CWebApplication->processRequest()
#2 /Users/sergiolopes/Working/OpenSource/sandscape/www/index.php(13): CApplication->run()
#3 {main} REQUEST_URI=/sandscape/index.php?r=game
2011/01/22 12:51:16 [error] [exception.CHttpException.404] exception 'CHttpException' with message 'Unable to resolve the request "game/index".' in /Users/sergiolopes/Working/OpenSource/sandscape/yii/web/CWebApplication.php:332
Stack trace:
#0 /Users/sergiolopes/Working/OpenSource/sandscape/yii/web/CWebApplication.php(121): CWebApplication->runController('game/index')
#1 /Users/sergiolopes/Working/OpenSource/sandscape/yii/base/CApplication.php(155): CWebApplication->processRequest()
#2 /Users/sergiolopes/Working/OpenSource/sandscape/www/index.php(13): CApplication->run()
#3 {main} REQUEST_URI=/sandscape/index.php?r=game/index
2011/01/22 12:55:06 [error] [exception.CHttpException.404] exception 'CHttpException' with message 'Unable to resolve the request "game/index".' in /Users/sergiolopes/Working/OpenSource/sandscape/yii/web/CWebApplication.php:332
Stack trace:
#0 /Users/sergiolopes/Working/OpenSource/sandscape/yii/web/CWebApplication.php(121): CWebApplication->runController('game/index')
#1 /Users/sergiolopes/Working/OpenSource/sandscape/yii/base/CApplication.php(155): CWebApplication->processRequest()
#2 /Users/sergiolopes/Working/OpenSource/sandscape/www/index.php(13): CApplication->run()
#3 {main} REQUEST_URI=/sandscape/index.php?r=game/index
2011/01/22 12:55:07 [error] [exception.CHttpException.404] exception 'CHttpException' with message 'Unable to resolve the request "game/index".' in /Users/sergiolopes/Working/OpenSource/sandscape/yii/web/CWebApplication.php:332
Stack trace:
#0 /Users/sergiolopes/Working/OpenSource/sandscape/yii/web/CWebApplication.php(121): CWebApplication->runController('game/index')
#1 /Users/sergiolopes/Working/OpenSource/sandscape/yii/base/CApplication.php(155): CWebApplication->processRequest()
#2 /Users/sergiolopes/Working/OpenSource/sandscape/www/index.php(13): CApplication->run()
#3 {main} REQUEST_URI=/sandscape/index.php?r=game/index
2011/01/25 19:06:32 [error] [php] include(SiteController.php): failed to open stream: No such file or directory (/Users/sergiolopes/Working/OpenSource/sandscape/yii/YiiBase.php:395)
Stack trace:
#0 /Users/sergiolopes/Working/OpenSource/sandscape/sandscape/controllers/LobbyController.php(3): spl_autoload_call()
#1 /Users/sergiolopes/Working/OpenSource/sandscape/yii/web/CWebApplication.php(396): require()
#2 /Users/sergiolopes/Working/OpenSource/sandscape/yii/web/CWebApplication.php(322): CWebApplication->createController()
#3 /Users/sergiolopes/Working/OpenSource/sandscape/yii/web/CWebApplication.php(121): CWebApplication->runController()
#4 /Users/sergiolopes/Working/OpenSource/sandscape/yii/base/CApplication.php(155): CWebApplication->processRequest()
#5 /Users/sergiolopes/Working/OpenSource/sandscape/www/index.php(13): CWebApplication->run()
REQUEST_URI=/sandscape/index.php/lobby
in /Users/sergiolopes/Working/OpenSource/sandscape/sandscape/controllers/LobbyController.php (3)
in /Users/sergiolopes/Working/OpenSource/sandscape/www/index.php (13)
2011/01/25 19:07:09 [error] [php] include(SiteController.php): failed to open stream: No such file or directory (/Users/sergiolopes/Working/OpenSource/sandscape/yii/YiiBase.php:395)
Stack trace:
#0 /Users/sergiolopes/Working/OpenSource/sandscape/sandscape/controllers/LobbyController.php(3): spl_autoload_call()
#1 /Users/sergiolopes/Working/OpenSource/sandscape/yii/web/CWebApplication.php(396): require()
#2 /Users/sergiolopes/Working/OpenSource/sandscape/yii/web/CWebApplication.php(322): CWebApplication->createController()
#3 /Users/sergiolopes/Working/OpenSource/sandscape/yii/web/CWebApplication.php(121): CWebApplication->runController()
#4 /Users/sergiolopes/Working/OpenSource/sandscape/yii/base/CApplication.php(155): CWebApplication->processRequest()
#5 /Users/sergiolopes/Working/OpenSource/sandscape/www/index.php(13): CWebApplication->run()
REQUEST_URI=/sandscape/index.php/lobby
in /Users/sergiolopes/Working/OpenSource/sandscape/sandscape/controllers/LobbyController.php (3)
in /Users/sergiolopes/Working/OpenSource/sandscape/www/index.php (13)
2011/01/25 19:08:23 [error] [exception.CException] exception 'CException' with message 'LobbyController cannot find the requested view "index".' in /Users/sergiolopes/Working/OpenSource/sandscape/yii/web/CController.php:842
Stack trace:
#0 /Users/sergiolopes/Working/OpenSource/sandscape/yii/web/CController.php(746): CController->renderPartial('index', NULL, true)
#1 /Users/sergiolopes/Working/OpenSource/sandscape/sandscape/controllers/LobbyController.php(10): CController->render('index')
#2 /Users/sergiolopes/Working/OpenSource/sandscape/yii/web/actions/CInlineAction.php(57): LobbyController->actionIndex()
#3 /Users/sergiolopes/Working/OpenSource/sandscape/yii/web/CController.php(300): CInlineAction->run()
#4 /Users/sergiolopes/Working/OpenSource/sandscape/yii/web/CController.php(278): CController->runAction(Object(CInlineAction))
#5 /Users/sergiolopes/Working/OpenSource/sandscape/yii/web/CController.php(257): CController->runActionWithFilters(Object(CInlineAction), Array)
#6 /Users/sergiolopes/Working/OpenSource/sandscape/yii/web/CWebApplication.php(328): CController->run('')
#7 /Users/sergiolopes/Working/OpenSource/sandscape/yii/web/CWebApplication.php(121): CWebApplication->runController('lobby')
#8 /Users/sergiolopes/Working/OpenSource/sandscape/yii/base/CApplication.php(155): CWebApplication->processRequest()
#9 /Users/sergiolopes/Working/OpenSource/sandscape/www/index.php(13): CApplication->run()
#10 {main} REQUEST_URI=/sandscape/index.php/lobby
2011/01/25 22:04:12 [error] [exception.CHttpException.404] exception 'CHttpException' with message 'The system is unable to find the requested action "site".' in /Users/sergiolopes/Working/OpenSource/sandscape/yii/web/CController.php:444
Stack trace:
#0 /Users/sergiolopes/Working/OpenSource/sandscape/yii/web/CController.php(262): CController->missingAction('site')
#1 /Users/sergiolopes/Working/OpenSource/sandscape/yii/web/CWebApplication.php(328): CController->run('site')
#2 /Users/sergiolopes/Working/OpenSource/sandscape/yii/web/CWebApplication.php(121): CWebApplication->runController('site/site')
#3 /Users/sergiolopes/Working/OpenSource/sandscape/yii/base/CApplication.php(155): CWebApplication->processRequest()
#4 /Users/sergiolopes/Working/OpenSource/sandscape/www/index.php(13): CApplication->run()
#5 {main} REQUEST_URI=/sandscape/index.php/site/site
2011/01/25 22:04:16 [error] [exception.CHttpException.404] exception 'CHttpException' with message 'The system is unable to find the requested action "site".' in /Users/sergiolopes/Working/OpenSource/sandscape/yii/web/CController.php:444
Stack trace:
#0 /Users/sergiolopes/Working/OpenSource/sandscape/yii/web/CController.php(262): CController->missingAction('site')
#1 /Users/sergiolopes/Working/OpenSource/sandscape/yii/web/CWebApplication.php(328): CController->run('site')
#2 /Users/sergiolopes/Working/OpenSource/sandscape/yii/web/CWebApplication.php(121): CWebApplication->runController('site/site')
#3 /Users/sergiolopes/Working/OpenSource/sandscape/yii/base/CApplication.php(155): CWebApplication->processRequest()
#4 /Users/sergiolopes/Working/OpenSource/sandscape/www/index.php(13): CApplication->run()
#5 {main} REQUEST_URI=/sandscape/index.php/site/site
2011/01/25 22:04:46 [error] [exception.CHttpException.404] exception 'CHttpException' with message 'The system is unable to find the requested action "lobby".' in /Users/sergiolopes/Working/OpenSource/sandscape/yii/web/CController.php:444
Stack trace:
#0 /Users/sergiolopes/Working/OpenSource/sandscape/yii/web/CController.php(262): CController->missingAction('lobby')
#1 /Users/sergiolopes/Working/OpenSource/sandscape/yii/web/CWebApplication.php(328): CController->run('lobby')
#2 /Users/sergiolopes/Working/OpenSource/sandscape/yii/web/CWebApplication.php(121): CWebApplication->runController('site/lobby/lobb...')
#3 /Users/sergiolopes/Working/OpenSource/sandscape/yii/base/CApplication.php(155): CWebApplication->processRequest()
#4 /Users/sergiolopes/Working/OpenSource/sandscape/www/index.php(13): CApplication->run()
#5 {main} REQUEST_URI=/sandscape/index.php/site/lobby/lobby
2011/01/25 22:04:54 [error] [exception.CHttpException.404] exception 'CHttpException' with message 'The system is unable to find the requested action "lobby".' in /Users/sergiolopes/Working/OpenSource/sandscape/yii/web/CController.php:444
Stack trace:
#0 /Users/sergiolopes/Working/OpenSource/sandscape/yii/web/CController.php(262): CController->missingAction('lobby')
#1 /Users/sergiolopes/Working/OpenSource/sandscape/yii/web/CWebApplication.php(328): CController->run('lobby')
#2 /Users/sergiolopes/Working/OpenSource/sandscape/yii/web/CWebApplication.php(121): CWebApplication->runController('lobby/lobby')
#3 /Users/sergiolopes/Working/OpenSource/sandscape/yii/base/CApplication.php(155): CWebApplication->processRequest()
#4 /Users/sergiolopes/Working/OpenSource/sandscape/www/index.php(13): CApplication->run()
#5 {main} REQUEST_URI=/sandscape/index.php/lobby/lobby
2011/01/25 22:05:45 [error] [exception.CHttpException.404] exception 'CHttpException' with message 'Unable to resolve the request "stats".' in /Users/sergiolopes/Working/OpenSource/sandscape/yii/web/CWebApplication.php:332
Stack trace:
#0 /Users/sergiolopes/Working/OpenSource/sandscape/yii/web/CWebApplication.php(121): CWebApplication->runController('stats')
#1 /Users/sergiolopes/Working/OpenSource/sandscape/yii/base/CApplication.php(155): CWebApplication->processRequest()
#2 /Users/sergiolopes/Working/OpenSource/sandscape/www/index.php(13): CApplication->run()
#3 {main} REQUEST_URI=/sandscape/index.php/stats
2011/01/25 22:07:23 [error] [php] Undefined variable: base (/Users/sergiolopes/Working/OpenSource/sandscape/sandscape/views/layouts/main.php:13)
Stack trace:
#0 /Users/sergiolopes/Working/OpenSource/sandscape/yii/web/CController.php(748): SiteController->renderFile()
#1 /Users/sergiolopes/Working/OpenSource/sandscape/sandscape/controllers/SiteController.php(6): SiteController->render()
#2 /Users/sergiolopes/Working/OpenSource/sandscape/yii/web/actions/CInlineAction.php(57): SiteController->actionIndex()
#3 /Users/sergiolopes/Working/OpenSource/sandscape/yii/web/CController.php(300): CInlineAction->run()
#4 /Users/sergiolopes/Working/OpenSource/sandscape/yii/web/CController.php(278): SiteController->runAction()
#5 /Users/sergiolopes/Working/OpenSource/sandscape/yii/web/CController.php(257): SiteController->runActionWithFilters()
#6 /Users/sergiolopes/Working/OpenSource/sandscape/yii/web/CWebApplication.php(328): SiteController->run()
#7 /Users/sergiolopes/Working/OpenSource/sandscape/yii/web/CWebApplication.php(121): CWebApplication->runController()
#8 /Users/sergiolopes/Working/OpenSource/sandscape/yii/base/CApplication.php(155): CWebApplication->processRequest()
#9 /Users/sergiolopes/Working/OpenSource/sandscape/www/index.php(13): CWebApplication->run()
REQUEST_URI=/sandscape/index.php/site
in /Users/sergiolopes/Working/OpenSource/sandscape/sandscape/views/layouts/main.php (13)
in /Users/sergiolopes/Working/OpenSource/sandscape/sandscape/controllers/SiteController.php (6)
in /Users/sergiolopes/Working/OpenSource/sandscape/www/index.php (13)
